This is pdfTeX, Version 3.1415926-2.5-1.40.14 (TeX Live 2013) (format=pdflatex 2013.5.30)  11 JUN 2014 14:17
entering extended mode
 restricted \write18 enabled.
 file:line:error style messages enabled.
 %&-line parsing enabled.
**frontiersSCNS.cls
(./frontiersSCNS.cls
LaTeX2e <2011/06/27>
Babel <3.9f> and hyphenation patterns for 78 languages loaded.

./frontiersSCNS.cls:6: LaTeX Error: Missing \begin{document}.

See the LaTeX manual or LaTeX Companion for explanation.
Type  H <return>  for immediate help.
 ...                                              
                                                  
l.6 \newif\if@
              cropmarkson \@cropmarksontrue
? 
./frontiersSCNS.cls:6: Emergency stop.
 ...                                              
                                                  
l.6 \newif\if@
              cropmarkson \@cropmarksontrue
You're in trouble here.  Try typing  <return>  to proceed.
If that doesn't work, type  X <return>  to quit.

 
Here is how much of TeX's memory you used:
 12 strings out of 493315
 334 string characters out of 6137904
 52158 words of memory out of 5000000
 3562 multiletter control sequences out of 15000+600000
 3640 words of font info for 14 fonts, out of 8000000 for 9000
 957 hyphenation exceptions out of 8191
 7i,0n,6p,102b,14s stack positions out of 5000i,500n,10000p,200000b,80000s
./frontiersSCNS.cls:6:  ==> Fatal error occurred, no output PDF file produced!
